<component name="libraryTable">
  <library name="junit-4.12 (2)">
    <CLASSES>
      <root url="jar://$USER_HOME$/Downloads/junit-4.12 (2).jar!/" />
    </CLASSES>
    <JAVADOC />
    <SOURCES />
  </library>
</component>